[     543ms] [LOG] Xecuit: Scripts loaded successfully @ :126
[    6900ms] TypeError: Cannot read properties of null (reading 'classList')
    at handleScroll (<anonymous>:1012:25)
[   21473ms] [LOG] Xecuit: Scripts loaded successfully @ :126
[   35998ms] TypeError: Cannot read properties of null (reading 'classList')
    at handleScroll (<anonymous>:1017:25)
[   36014ms] TypeError: Cannot read properties of null (reading 'classList')
    at handleScroll (<anonymous>:1017:25)
[   36031ms] TypeError: Cannot read properties of null (reading 'classList')
    at handleScroll (<anonymous>:1017:25)
[   36048ms] TypeError: Cannot read properties of null (reading 'classList')
    at handleScroll (<anonymous>:1017:25)
[   36064ms] TypeError: Cannot read properties of null (reading 'classList')
    at handleScroll (<anonymous>:1017:25)
[   36081ms] TypeError: Cannot read properties of null (reading 'classList')
    at handleScroll (<anonymous>:1017:25)
[   36099ms] TypeError: Cannot read properties of null (reading 'classList')
    at handleScroll (<anonymous>:1017:25)
[   36116ms] TypeError: Cannot read properties of null (reading 'classList')
    at handleScroll (<anonymous>:1017:25)
[   36131ms] TypeError: Cannot read properties of null (reading 'classList')
    at handleScroll (<anonymous>:1017:25)
[   38514ms] TypeError: Cannot read properties of null (reading 'classList')
    at handleScroll (<anonymous>:1017:25)
[   38531ms] TypeError: Cannot read properties of null (reading 'classList')
    at handleScroll (<anonymous>:1017:25)
[   38547ms] TypeError: Cannot read properties of null (reading 'classList')
    at handleScroll (<anonymous>:1017:25)
[   38564ms] TypeError: Cannot read properties of null (reading 'classList')
    at handleScroll (<anonymous>:1017:25)
[   38582ms] TypeError: Cannot read properties of null (reading 'classList')
    at handleScroll (<anonymous>:1017:25)
[   38598ms] TypeError: Cannot read properties of null (reading 'classList')
    at handleScroll (<anonymous>:1017:25)
[   38614ms] TypeError: Cannot read properties of null (reading 'classList')
    at handleScroll (<anonymous>:1017:25)
[   38632ms] TypeError: Cannot read properties of null (reading 'classList')
    at handleScroll (<anonymous>:1017:25)
[   38651ms] TypeError: Cannot read properties of null (reading 'classList')
    at handleScroll (<anonymous>:1017:25)
[   39681ms] TypeError: Cannot read properties of null (reading 'classList')
    at handleScroll (<anonymous>:1017:25)
[   39698ms] TypeError: Cannot read properties of null (reading 'classList')
    at handleScroll (<anonymous>:1017:25)
[   39715ms] TypeError: Cannot read properties of null (reading 'classList')
    at handleScroll (<anonymous>:1017:25)
[   39731ms] TypeError: Cannot read properties of null (reading 'classList')
    at handleScroll (<anonymous>:1017:25)
[   39748ms] TypeError: Cannot read properties of null (reading 'classList')
    at handleScroll (<anonymous>:1017:25)
[   39766ms] TypeError: Cannot read properties of null (reading 'classList')
    at handleScroll (<anonymous>:1017:25)
[   39782ms] TypeError: Cannot read properties of null (reading 'classList')
    at handleScroll (<anonymous>:1017:25)
[   39798ms] TypeError: Cannot read properties of null (reading 'classList')
    at handleScroll (<anonymous>:1017:25)
[   40314ms] TypeError: Cannot read properties of null (reading 'classList')
    at handleScroll (<anonymous>:1017:25)
[   40331ms] TypeError: Cannot read properties of null (reading 'classList')
    at handleScroll (<anonymous>:1017:25)
[   40348ms] TypeError: Cannot read properties of null (reading 'classList')
    at handleScroll (<anonymous>:1017:25)
[   40365ms] TypeError: Cannot read properties of null (reading 'classList')
    at handleScroll (<anonymous>:1017:25)
[   40383ms] TypeError: Cannot read properties of null (reading 'classList')
    at handleScroll (<anonymous>:1017:25)
[   40408ms] TypeError: Cannot read properties of null (reading 'classList')
    at handleScroll (<anonymous>:1017:25)
[   40415ms] TypeError: Cannot read properties of null (reading 'classList')
    at handleScroll (<anonymous>:1017:25)
[   40432ms] TypeError: Cannot read properties of null (reading 'classList')
    at handleScroll (<anonymous>:1017:25)
